   Compiling semver-parser v0.7.0
   Compiling arrayvec v0.4.11
   Compiling nodrop v0.1.13
   Compiling cfg-if v0.1.9
   Compiling libc v0.2.62
   Compiling proc-macro2 v0.4.30
   Compiling lazy_static v1.3.0
   Compiling autocfg v0.1.5
   Compiling unicode-xid v0.1.0
   Compiling scopeguard v1.0.0
   Compiling rayon-core v1.5.0
   Compiling syn v0.15.44
   Compiling byteorder v1.3.2
   Compiling num-derive v0.2.5
   Compiling crc32fast v1.2.0
   Compiling bitflags v1.1.0
   Compiling either v1.5.2
   Compiling adler32 v1.0.3
   Compiling lzw v0.10.0
   Compiling color_quant v1.0.1
   Compiling scoped_threadpool v0.1.9
   Compiling crossbeam-utils v0.6.6
   Compiling inflate v0.4.5
   Compiling num_cpus v1.10.1
   Compiling num-traits v0.2.8
   Compiling num-integer v0.1.41
   Compiling num-iter v0.1.39
   Compiling num-rational v0.2.2
   Compiling gif v0.10.2
   Compiling semver v0.9.0
   Compiling deflate v0.7.20
   Compiling crossbeam-queue v0.1.2
   Compiling rustc_version v0.2.3
   Compiling png v0.15.0
   Compiling memoffset v0.5.1
   Compiling crossbeam-epoch v0.7.2
   Compiling quote v0.6.13
   Compiling crossbeam-deque v0.6.3
   Compiling rayon v1.1.0
   Compiling jpeg-decoder v0.1.15
   Compiling tiff v0.3.1
   Compiling image v0.22.1
   Compiling rsjpegs v0.1.0 (C:\Users\macca\JPEGs.jl\deps\rsjpegs)
    Finished release [optimized] target(s) in 1m 21s
